<?xml version="1.0" encoding="UTF-8"?>
<testsuite xmlns:xsi="http://www.w3.org/2001/XMLSchema-instance" xsi:noNamespaceSchemaLocation="https://maven.apache.org/surefire/maven-surefire-plugin/xsd/surefire-test-report-3.0.xsd" version="3.0" name="com.perfulandia.usuarios.controller.UsuarioControllerTest" time="4.087" tests="6" errors="0" skipped="0" failures="0">
  <properties>
[...]
</properties>
  <testcase name="testEliminarUsuario" classname="com.perfulandia.usuarios.controller.UsuarioControllerTest" time="0.314">
    <system-out><![CDATA[20:11:27.499 [main] INFO org.springframework.test.context.support.AnnotationConfigContextLoaderUtils -- Could not detect default configuration classes for test class [com.perfulandia.usuarios.controller.UsuarioControllerTest]: UsuarioControllerTest does not declare any static, non-private, non-final, nested classes annotated with @Configuration.
20:11:27.771 [main] INFO org.springframework.boot.test.context.SpringBootTestContextBootstrapper -- Found @SpringBootConfiguration com.perfulandia.usuarios.UsuariosApplication for test class com.perfulandia.usuarios.controller.UsuarioControllerTest

  .   ____          _            __ _ _
 /\\ / ___'_ __ _ _(_)_ __  __ _ \ \ \ \
( ( )\___ | '_ | '_| | '_ \/ _` | \ \ \ \
 \\/  ___)| |_)| | | | | || (_| |  ) ) ) )
  '  |____| .__|_| |_|_| |_\__, | / / / /
 =========|_|==============|___/=/_/_/_/
 :: Spring Boot ::                (v3.2.0)

2025-06-22T20:11:28.204-04:00  INFO 29384 --- [           main] c.p.u.controller.UsuarioControllerTest   : Starting UsuarioControllerTest using Java 17.0.15 with PID 29384 (started by brand in C:\Users\brand\OneDrive\Documentos\Escola\Semtestre 3\FullStack\nota 3\codigov1\PerfulandiaFullstack-main\perfulandia_usuario)
2025-06-22T20:11:28.207-04:00  INFO 29384 --- [           main] c.p.u.controller.UsuarioControllerTest   : No active profile set, falling back to 1 default profile: "default"
2025-06-22T20:11:30.660-04:00  INFO 29384 --- [           main] o.s.b.t.m.w.SpringBootMockServletContext : Initializing Spring TestDispatcherServlet ''
2025-06-22T20:11:30.660-04:00  INFO 29384 --- [           main] o.s.t.web.servlet.TestDispatcherServlet  : Initializing Servlet ''
2025-06-22T20:11:30.665-04:00  INFO 29384 --- [           main] o.s.t.web.servlet.TestDispatcherServlet  : Completed initialization in 3 ms
2025-06-22T20:11:30.693-04:00  INFO 29384 --- [           main] c.p.u.controller.UsuarioControllerTest   : Started UsuarioControllerTest in 2.828 seconds (process running for 3.906)
]]></system-out>
  </testcase>
  <testcase name="testCrearUsuario" classname="com.perfulandia.usuarios.controller.UsuarioControllerTest" time="0.238"/>
  <testcase name="testActualizarUsuario" classname="com.perfulandia.usuarios.controller.UsuarioControllerTest" time="0.015"/>
  <testcase name="testListarUsuarios" classname="com.perfulandia.usuarios.controller.UsuarioControllerTest" time="0.062"/>
  <testcase name="testBuscarUsuario" classname="com.perfulandia.usuarios.controller.UsuarioControllerTest" time="0.009"/>
  <testcase name="testActualizarParcialUsuario" classname="com.perfulandia.usuarios.controller.UsuarioControllerTest" time="0.012"/>
</testsuite>